[0m2021.08.22 22:14:47 INFO  Started: Metals version 0.10.5 in workspace '/home/cisen/chisel/template/chisel-tutorial' for client Visual Studio Code 1.59.1.[0m
[0m2021.08.22 22:14:53 INFO  time: initialize in 6.43s[0m
[0m2021.08.22 22:15:04 WARN  Build server is not auto-connectable.[0m
[0m2021.08.22 22:15:04 WARN  no build target for: /home/cisen/chisel/template/chisel-tutorial/src/main/scala/examples/Adder.scala[0m
[0m2021.08.22 22:15:04 WARN  no build target for: /home/cisen/chisel/template/chisel-tutorial/src/main/scala/hello/Hello.scala[0m
[0m2021.08.22 22:15:07 WARN  no build target for: /home/cisen/chisel/template/chisel-tutorial/src/test/scala/examples/Image.scala[0m
[0m2021.08.22 22:15:17 INFO  no build target: using presentation compiler with only scala-library: 2.12.14[0m
Aug 22, 2021 10:15:17 PM org.eclipse.lsp4j.jsonrpc.RemoteEndpoint handleCancellation
WARNING: Unmatched cancel notification for request id 1
[0m2021.08.22 22:15:22 INFO  time: code lens generation in 4.98s[0m
[0m2021.08.22 22:15:22 INFO  time: code lens generation in 13s[0m
[0m2021.08.22 22:16:01 WARN  no build target for: /home/cisen/chisel/template/chisel-tutorial/src/test/scala/hello/HelloTest.scala[0m
[0m2021.08.22 22:16:08 WARN  no build target for: /home/cisen/chisel/template/chisel-tutorial/src/test/scala/examples/Adder4Tests.scala[0m
Aug 22, 2021 10:16:09 PM org.eclipse.lsp4j.jsonrpc.RemoteEndpoint handleCancellation
WARNING: Unmatched cancel notification for request id 18
Aug 22, 2021 10:16:10 PM org.eclipse.lsp4j.jsonrpc.RemoteEndpoint handleCancellation
WARNING: Unmatched cancel notification for request id 28
Aug 22, 2021 10:16:10 PM org.eclipse.lsp4j.jsonrpc.RemoteEndpoint handleCancellation
WARNING: Unmatched cancel notification for request id 25
Aug 22, 2021 10:16:10 PM org.eclipse.lsp4j.jsonrpc.RemoteEndpoint handleCancellation
WARNING: Unmatched cancel notification for request id 29
[0m2021.08.22 22:16:33 WARN  no build target for: /home/cisen/chisel/template/chisel-tutorial/src/test/scala/problems/AccumulatorTest.scala[0m
Aug 22, 2021 10:16:49 PM org.eclipse.lsp4j.jsonrpc.RemoteEndpoint handleCancellation
WARNING: Unmatched cancel notification for request id 76
Aug 22, 2021 10:16:49 PM org.eclipse.lsp4j.jsonrpc.RemoteEndpoint handleCancellation
WARNING: Unmatched cancel notification for request id 78
Aug 22, 2021 10:16:49 PM org.eclipse.lsp4j.jsonrpc.RemoteEndpoint handleCancellation
WARNING: Unmatched cancel notification for request id 77
Aug 22, 2021 10:16:49 PM org.eclipse.lsp4j.jsonrpc.RemoteEndpoint handleCancellation
WARNING: Unmatched cancel notification for request id 79
Aug 22, 2021 10:16:52 PM org.eclipse.lsp4j.jsonrpc.RemoteEndpoint handleCancellation
WARNING: Unmatched cancel notification for request id 84
Aug 22, 2021 10:16:52 PM org.eclipse.lsp4j.jsonrpc.RemoteEndpoint handleCancellation
WARNING: Unmatched cancel notification for request id 82
Aug 22, 2021 10:16:52 PM org.eclipse.lsp4j.jsonrpc.RemoteEndpoint handleCancellation
WARNING: Unmatched cancel notification for request id 85
Aug 22, 2021 10:16:56 PM org.eclipse.lsp4j.jsonrpc.RemoteEndpoint handleCancellation
WARNING: Unmatched cancel notification for request id 99
Aug 22, 2021 10:17:00 PM org.eclipse.lsp4j.jsonrpc.RemoteEndpoint handleCancellation
WARNING: Unmatched cancel notification for request id 108
Aug 22, 2021 10:17:03 PM org.eclipse.lsp4j.jsonrpc.RemoteEndpoint handleCancellation
WARNING: Unmatched cancel notification for request id 113
[0m2021.08.22 22:17:38 WARN  no build target for: /home/cisen/chisel/template/chisel-tutorial/src/test/scala/hello/HelloTest.scala[0m
[0m2021.08.22 22:17:38 WARN  no build target for: /home/cisen/chisel/template/chisel-tutorial/src/test/scala/hello/HelloTest.scala[0m
[0m2021.08.22 22:17:38 WARN  no build target for: /home/cisen/chisel/template/chisel-tutorial/src/test/scala/hello/HelloTest.scala[0m
Aug 22, 2021 10:17:43 PM org.eclipse.lsp4j.jsonrpc.RemoteEndpoint handleCancellation
WARNING: Unmatched cancel notification for request id 150
Aug 22, 2021 10:21:46 PM org.eclipse.lsp4j.jsonrpc.RemoteEndpoint handleCancellation
WARNING: Unmatched cancel notification for request id 171
Aug 22, 2021 10:21:50 PM org.eclipse.lsp4j.jsonrpc.RemoteEndpoint handleCancellation
WARNING: Unmatched cancel notification for request id 183
Aug 22, 2021 10:21:54 PM org.eclipse.lsp4j.jsonrpc.RemoteEndpoint handleCancellation
WARNING: Unmatched cancel notification for request id 190
Aug 22, 2021 10:21:57 PM org.eclipse.lsp4j.jsonrpc.RemoteEndpoint handleCancellation
WARNING: Unmatched cancel notification for request id 195
Aug 22, 2021 10:21:57 PM org.eclipse.lsp4j.jsonrpc.RemoteEndpoint handleCancellation
WARNING: Unmatched cancel notification for request id 197
Aug 22, 2021 10:21:58 PM org.eclipse.lsp4j.jsonrpc.RemoteEndpoint handleCancellation
WARNING: Unmatched cancel notification for request id 200
Aug 22, 2021 10:22:03 PM org.eclipse.lsp4j.jsonrpc.RemoteEndpoint handleCancellation
WARNING: Unmatched cancel notification for request id 203
Aug 22, 2021 10:22:06 PM org.eclipse.lsp4j.jsonrpc.RemoteEndpoint handleCancellation
WARNING: Unmatched cancel notification for request id 208
Aug 22, 2021 10:28:51 PM org.eclipse.lsp4j.jsonrpc.RemoteEndpoint handleCancellation
WARNING: Unmatched cancel notification for request id 214
Aug 22, 2021 10:28:54 PM org.eclipse.lsp4j.jsonrpc.RemoteEndpoint handleCancellation
WARNING: Unmatched cancel notification for request id 220
[0m2021.08.22 22:28:54 WARN  no build target for: /home/cisen/chisel/template/chisel-tutorial/src/test/scala/hello/HelloTest.scala[0m
[0m2021.08.22 22:30:23 WARN  no build target for: /home/cisen/chisel/template/chisel-tutorial/src/test/scala/problems/DynamicMemorySearchTests.scala[0m
Aug 22, 2021 10:30:23 PM org.eclipse.lsp4j.jsonrpc.RemoteEndpoint handleCancellation
WARNING: Unmatched cancel notification for request id 226
Aug 22, 2021 10:30:23 PM org.eclipse.lsp4j.jsonrpc.RemoteEndpoint handleCancellation
WARNING: Unmatched cancel notification for request id 228
[0m2021.08.22 22:32:56 WARN  no build target for: /home/cisen/chisel/template/chisel-tutorial/src/test/scala/examples/AdderTests.scala[0m
Aug 22, 2021 10:33:03 PM org.eclipse.lsp4j.jsonrpc.RemoteEndpoint handleCancellation
WARNING: Unmatched cancel notification for request id 245
[0m2021.08.22 22:34:09 WARN  no build target for: /home/cisen/chisel/template/chisel-tutorial/src/test/scala/hello/HelloTest.scala[0m
[0m2021.08.22 22:34:09 WARN  no build target for: /home/cisen/chisel/template/chisel-tutorial/src/test/scala/hello/HelloTest.scala[0m
[0m2021.08.22 22:34:09 WARN  no build target for: /home/cisen/chisel/template/chisel-tutorial/src/test/scala/hello/HelloTest.scala[0m
[0m2021.08.22 22:34:09 WARN  no build target for: /home/cisen/chisel/template/chisel-tutorial/src/test/scala/hello/HelloTest.scala[0m
Aug 22, 2021 10:34:17 PM org.eclipse.lsp4j.jsonrpc.RemoteEndpoint handleCancellation
WARNING: Unmatched cancel notification for request id 346
Aug 22, 2021 10:34:17 PM org.eclipse.lsp4j.jsonrpc.RemoteEndpoint handleCancellation
WARNING: Unmatched cancel notification for request id 345
Aug 22, 2021 10:34:56 PM org.eclipse.lsp4j.jsonrpc.RemoteEndpoint handleCancellation
WARNING: Unmatched cancel notification for request id 353
[0m2021.08.22 22:37:44 WARN  no build target for: /home/cisen/chisel/template/chisel-tutorial/src/test/scala/examples/Launcher.scala[0m
Aug 22, 2021 10:37:47 PM org.eclipse.lsp4j.jsonrpc.RemoteEndpoint handleCancellation
WARNING: Unmatched cancel notification for request id 364
Aug 22, 2021 10:37:47 PM org.eclipse.lsp4j.jsonrpc.RemoteEndpoint handleCancellation
WARNING: Unmatched cancel notification for request id 365
[0m2021.08.22 22:37:54 WARN  no build target for: /home/cisen/chisel/template/chisel-tutorial/src/test/scala/hello/Launcher.scala[0m
Aug 22, 2021 10:38:00 PM org.eclipse.lsp4j.jsonrpc.RemoteEndpoint handleCancellation
WARNING: Unmatched cancel notification for request id 372
Aug 22, 2021 10:38:01 PM org.eclipse.lsp4j.jsonrpc.RemoteEndpoint handleCancellation
WARNING: Unmatched cancel notification for request id 375
[0m2021.08.22 22:38:56 WARN  no build target for: /home/cisen/chisel/template/chisel-tutorial/src/test/scala/hello/Launcher.scala[0m
[0m2021.08.22 22:38:56 WARN  no build target for: /home/cisen/chisel/template/chisel-tutorial/src/test/scala/hello/Launcher.scala[0m
Aug 22, 2021 10:39:04 PM org.eclipse.lsp4j.jsonrpc.RemoteEndpoint handleCancellation
WARNING: Unmatched cancel notification for request id 459
Aug 22, 2021 10:39:06 PM org.eclipse.lsp4j.jsonrpc.RemoteEndpoint handleCancellation
WARNING: Unmatched cancel notification for request id 461
Aug 22, 2021 10:39:08 PM org.eclipse.lsp4j.jsonrpc.RemoteEndpoint handleCancellation
WARNING: Unmatched cancel notification for request id 465
Aug 22, 2021 10:39:19 PM org.eclipse.lsp4j.jsonrpc.RemoteEndpoint handleCancellation
WARNING: Unmatched cancel notification for request id 498
Aug 22, 2021 10:39:22 PM org.eclipse.lsp4j.jsonrpc.RemoteEndpoint handleCancellation
WARNING: Unmatched cancel notification for request id 502
Aug 22, 2021 10:39:45 PM org.eclipse.lsp4j.jsonrpc.RemoteEndpoint handleCancellation
WARNING: Unmatched cancel notification for request id 514
Aug 22, 2021 10:39:48 PM org.eclipse.lsp4j.jsonrpc.RemoteEndpoint handleCancellation
WARNING: Unmatched cancel notification for request id 520
[0m2021.08.22 22:40:05 WARN  no build target for: /home/cisen/chisel/template/chisel-tutorial/src/test/scala/hello/Launcher.scala[0m
[0m2021.08.22 22:40:05 WARN  no build target for: /home/cisen/chisel/template/chisel-tutorial/src/test/scala/hello/Launcher.scala[0m
Aug 22, 2021 10:40:44 PM org.eclipse.lsp4j.jsonrpc.RemoteEndpoint handleCancellation
WARNING: Unmatched cancel notification for request id 548
Aug 22, 2021 10:40:44 PM org.eclipse.lsp4j.jsonrpc.RemoteEndpoint handleCancellation
WARNING: Unmatched cancel notification for request id 549
Aug 22, 2021 10:40:47 PM org.eclipse.lsp4j.jsonrpc.RemoteEndpoint handleCancellation
WARNING: Unmatched cancel notification for request id 552
Aug 22, 2021 10:40:47 PM org.eclipse.lsp4j.jsonrpc.RemoteEndpoint handleCancellation
WARNING: Unmatched cancel notification for request id 553
Aug 22, 2021 10:40:50 PM org.eclipse.lsp4j.jsonrpc.RemoteEndpoint handleCancellation
WARNING: Unmatched cancel notification for request id 555
Aug 22, 2021 10:41:21 PM org.eclipse.lsp4j.jsonrpc.RemoteEndpoint handleCancellation
WARNING: Unmatched cancel notification for request id 589
[0m2021.08.22 22:41:33 WARN  no build target for: /home/cisen/chisel/template/chisel-tutorial/src/test/scala/hello/HelloTest.scala[0m
[0m2021.08.22 22:41:33 WARN  no build target for: /home/cisen/chisel/template/chisel-tutorial/src/test/scala/hello/HelloTest.scala[0m
[0m2021.08.22 22:41:55 WARN  no build target for: /home/cisen/chisel/template/chisel-tutorial/src/test/scala/hello/HelloTest.scala[0m
[0m2021.08.22 22:41:55 WARN  no build target for: /home/cisen/chisel/template/chisel-tutorial/src/test/scala/hello/HelloTest.scala[0m
[0m2021.08.22 22:42:08 WARN  no build target for: /home/cisen/chisel/template/chisel-tutorial/src/test/scala/hello/HelloTest.scala[0m
[0m2021.08.22 22:42:08 WARN  no build target for: /home/cisen/chisel/template/chisel-tutorial/src/test/scala/hello/HelloTest.scala[0m
[0m2021.08.22 22:42:08 WARN  no build target for: /home/cisen/chisel/template/chisel-tutorial/src/test/scala/hello/HelloTest.scala[0m
[0m2021.08.22 22:42:59 WARN  no build target for: /home/cisen/chisel/template/chisel-tutorial/src/test/scala/hello/HelloTest.scala[0m
[0m2021.08.22 22:42:59 WARN  no build target for: /home/cisen/chisel/template/chisel-tutorial/src/test/scala/hello/HelloTest.scala[0m
[0m2021.08.22 22:42:59 WARN  no build target for: /home/cisen/chisel/template/chisel-tutorial/src/test/scala/hello/HelloTest.scala[0m
[0m2021.08.22 22:43:08 WARN  no build target for: /home/cisen/chisel/template/chisel-tutorial/src/test/scala/hello/HelloTest.scala[0m
[0m2021.08.22 22:43:08 WARN  no build target for: /home/cisen/chisel/template/chisel-tutorial/src/test/scala/hello/HelloTest.scala[0m
[0m2021.08.22 22:43:46 WARN  no build target for: /home/cisen/chisel/template/chisel-tutorial/src/test/scala/hello/HelloTest.scala[0m
[0m2021.08.22 22:47:19 WARN  no build target for: /home/cisen/chisel/template/chisel-tutorial/build.sbt[0m
[0m2021.08.22 22:47:20 INFO  time: code lens generation in 1.13s[0m
Aug 22, 2021 10:47:22 PM org.eclipse.lsp4j.jsonrpc.RemoteEndpoint handleCancellation
WARNING: Unmatched cancel notification for request id 642
Aug 22, 2021 10:47:22 PM org.eclipse.lsp4j.jsonrpc.RemoteEndpoint handleCancellation
WARNING: Unmatched cancel notification for request id 639
Aug 22, 2021 10:47:23 PM org.eclipse.lsp4j.jsonrpc.RemoteEndpoint handleCancellation
WARNING: Unmatched cancel notification for request id 644
[0m2021.08.22 22:52:20 WARN  no build target for: /home/cisen/chisel/template/chisel-tutorial/build.sbt[0m
[0m2021.08.22 22:52:20 WARN  no build target for: /home/cisen/chisel/template/chisel-tutorial/build.sbt[0m
[0m2021.08.22 22:52:20 WARN  no build target for: /home/cisen/chisel/template/chisel-tutorial/build.sbt[0m
[0m2021.08.22 22:52:27 INFO  running '/usr/lib/jvm/java-11-openjdk-amd64/bin/java -Djline.terminal=jline.UnsupportedTerminal -Dsbt.log.noformat=true -Dfile.encoding=UTF-8 -jar /tmp/metals10463692983442132315/sbt-launch.jar -Dbloop.export-jar-classifiers=sources bloopInstall'[0m
[0m2021.08.22 22:52:29 WARN  no build target for: /home/cisen/chisel/template/chisel-tutorial/project/metals.sbt[0m
[0m2021.08.22 22:52:29 WARN  no build target for: /home/cisen/chisel/template/chisel-tutorial/project/project/metals.sbt[0m
[0m2021.08.22 22:52:42 INFO  [info] Loading settings for project chisel-tutorial-build-build from metals.sbt ...[0m
[0m2021.08.22 22:52:45 INFO  [info] Loading project definition from /home/cisen/chisel/template/chisel-tutorial/project/project[0m
[0m2021.08.22 22:52:54 INFO  [warn] There may be incompatibilities among your library dependencies; run 'evicted' to see detailed eviction warnings.[0m
[0m2021.08.22 22:52:57 INFO  [info] Loading settings for project chisel-tutorial-build from metals.sbt ...[0m
[0m2021.08.22 22:52:57 INFO  [info] Loading project definition from /home/cisen/chisel/template/chisel-tutorial/project[0m
[0m2021.08.22 22:53:00 INFO  [warn] There may be incompatibilities among your library dependencies; run 'evicted' to see detailed eviction warnings.[0m
[0m2021.08.22 22:53:14 INFO  skipping build import with status 'Dismissed'[0m
[0m2021.08.22 22:53:58 INFO  [success] Generated .bloop/chisel-tutorial-build.json[0m
[0m2021.08.22 22:53:58 INFO  [success] Total time: 61 s (01:01), completed Aug 22, 2021, 10:53:58 PM[0m
[0m2021.08.22 22:54:05 INFO  [info] Loading settings for project chisel-tutorial from build.sbt ...[0m
[0m2021.08.22 22:54:05 INFO  [info] Set current project to chisel-tutorial (in build file:/home/cisen/chisel/template/chisel-tutorial/)[0m
[0m2021.08.22 22:54:07 INFO  [warn] There may be incompatibilities among your library dependencies; run 'evicted' to see detailed eviction warnings.[0m
[0m2021.08.22 22:54:11 INFO  [warn] There may be incompatibilities among your library dependencies; run 'evicted' to see detailed eviction warnings.[0m
[0m2021.08.22 22:54:11 INFO  [success] Generated .bloop/chisel-tutorial-test.json[0m
[0m2021.08.22 22:54:11 INFO  [success] Generated .bloop/chisel-tutorial.json[0m
[0m2021.08.22 22:54:11 INFO  [success] Total time: 6 s, completed Aug 22, 2021, 10:54:11 PM[0m
[0m2021.08.22 22:54:11 INFO  sbt bloopInstall exit: 0[0m
[0m2021.08.22 22:54:12 INFO  time: ran 'sbt bloopInstall' in 1m44s[0m
[0m2021.08.22 22:54:12 INFO  Attempting to connect to the build server...[0m
Starting the bsp launcher for bloop...
Opening a bsp server connection with 'bsp --protocol local --socket /tmp/bsp-launcher6336059340399656745/bsp.socket'...
Waiting for the bsp connection to come up...
[0m[32m[D][0m Loading 2 projects from '/home/cisen/chisel/template/chisel-tutorial/.bloop'...
[0m[32m[D][0m Loading project from '/home/cisen/chisel/template/chisel-tutorial/.bloop/chisel-tutorial-test.json'
[0m[32m[D][0m Loading project from '/home/cisen/chisel/template/chisel-tutorial/.bloop/chisel-tutorial.json'
[0m[32m[D][0m Cache miss for scala instance org.scala-lang:scala-compiler:2.12.10.
[0m[32m[D][0m   => /home/cisen/.sbt/boot/scala-2.12.10/lib/scala-compiler.jar
[0m[32m[D][0m   => /home/cisen/.sbt/boot/scala-2.12.10/lib/scala-library.jar
[0m[32m[D][0m   => /home/cisen/.sbt/boot/scala-2.12.10/lib/scala-reflect.jar
[0m[32m[D][0m   => /home/cisen/.sbt/boot/scala-2.12.10/lib/scala-xml_2.12-1.0.6.jar
[0m[32m[D][0m Missing analysis file for project 'chisel-tutorial-test'
[0m[32m[D][0m Missing analysis file for project 'chisel-tutorial'
[0m[32m[D][0m Waiting for a connection at local:///tmp/bsp-launcher6336059340399656745/bsp.socket...
The server is listening for incoming connections at local:///tmp/bsp-launcher6336059340399656745/bsp.socket...
Starting thread that pumps stdin and redirects it to the bsp server...
Starting thread that pumps server stdout and redirects it to the client stdout...
[0m2021.08.22 22:54:12 INFO  tracing is disabled for protocol BSP, to enable tracing of incoming and outgoing JSON messages create an empty file at /home/cisen/.cache/metals/bsp.trace.json[0m
No more data in the client stdin, exiting...
[0m2021.08.22 22:54:32 ERROR Timeout waiting for 'build/initialize' response[0m
[0m2021.08.22 22:54:32 WARN  Retrying connection to the build server Bloop[0m
Starting the bsp launcher for bloop...
Opening a bsp server connection with 'bsp --protocol local --socket /tmp/bsp-launcher11681406779285229033/bsp.socket'...
Waiting for the bsp connection to come up...
[0m[32m[D][0m Loading workspace settings from bloop.settings.json
[0m[32m[D][0m Waiting for a connection at local:///tmp/bsp-launcher11681406779285229033/bsp.socket...
The server is listening for incoming connections at local:///tmp/bsp-launcher11681406779285229033/bsp.socket...
Starting thread that pumps stdin and redirects it to the bsp server...
Starting thread that pumps server stdout and redirects it to the client stdout...
[0m2021.08.22 22:54:32 INFO  tracing is disabled for protocol BSP, to enable tracing of incoming and outgoing JSON messages create an empty file at /home/cisen/.cache/metals/bsp.trace.json[0m
[0m2021.08.22 22:54:32 INFO  Attempting to connect to the build server...[0m
Starting the bsp launcher for bloop...
Opening a bsp server connection with 'bsp --protocol local --socket /tmp/bsp-launcher15404458913128719505/bsp.socket'...
Waiting for the bsp connection to come up...
[0m[32m[D][0m Loading workspace settings from bloop.settings.json
[0m[32m[D][0m Waiting for a connection at local:///tmp/bsp-launcher15404458913128719505/bsp.socket...
The server is listening for incoming connections at local:///tmp/bsp-launcher15404458913128719505/bsp.socket...
Starting thread that pumps stdin and redirects it to the bsp server...
Starting thread that pumps server stdout and redirects it to the client stdout...
[0m2021.08.22 22:54:33 INFO  tracing is disabled for protocol BSP, to enable tracing of incoming and outgoing JSON messages create an empty file at /home/cisen/.cache/metals/bsp.trace.json[0m
No more data in the client stdin, exiting...
[0m2021.08.22 22:54:53 ERROR Timeout waiting for 'build/initialize' response[0m
[0m2021.08.22 22:54:53 WARN  Retrying connection to the build server Bloop[0m
Starting the bsp launcher for bloop...
Opening a bsp server connection with 'bsp --protocol local --socket /tmp/bsp-launcher9506700735751152173/bsp.socket'...
Waiting for the bsp connection to come up...
[0m[32m[D][0m Loading workspace settings from bloop.settings.json
[0m[32m[D][0m Waiting for a connection at local:///tmp/bsp-launcher9506700735751152173/bsp.socket...
The server is listening for incoming connections at local:///tmp/bsp-launcher9506700735751152173/bsp.socket...
Starting thread that pumps stdin and redirects it to the bsp server...
Starting thread that pumps server stdout and redirects it to the client stdout...
[0m2021.08.22 22:54:53 INFO  tracing is disabled for protocol BSP, to enable tracing of incoming and outgoing JSON messages create an empty file at /home/cisen/.cache/metals/bsp.trace.json[0m
No more data in the client stdin, exiting...
[0m2021.08.22 22:55:13 ERROR Timeout waiting for 'build/initialize' response[0m
[0m2021.08.22 22:55:13 WARN  Retrying connection to the build server Bloop[0m
Starting the bsp launcher for bloop...
Opening a bsp server connection with 'bsp --protocol local --socket /tmp/bsp-launcher2731517510536984863/bsp.socket'...
Waiting for the bsp connection to come up...
[0m[32m[D][0m Loading workspace settings from bloop.settings.json
[0m[32m[D][0m Waiting for a connection at local:///tmp/bsp-launcher2731517510536984863/bsp.socket...
The server is listening for incoming connections at local:///tmp/bsp-launcher2731517510536984863/bsp.socket...
Starting thread that pumps stdin and redirects it to the bsp server...
Starting thread that pumps server stdout and redirects it to the client stdout...
[0m2021.08.22 22:55:14 INFO  tracing is disabled for protocol BSP, to enable tracing of incoming and outgoing JSON messages create an empty file at /home/cisen/.cache/metals/bsp.trace.json[0m
No more data in the client stdin, exiting...
[0m2021.08.22 22:55:34 ERROR Timeout waiting for 'build/initialize' response[0m
[0m2021.08.22 22:55:34 WARN  Retrying connection to the build server Bloop[0m
Starting the bsp launcher for bloop...
Opening a bsp server connection with 'bsp --protocol local --socket /tmp/bsp-launcher8860240994455290220/bsp.socket'...
Waiting for the bsp connection to come up...
[0m[32m[D][0m Loading workspace settings from bloop.settings.json
[0m[32m[D][0m Waiting for a connection at local:///tmp/bsp-launcher8860240994455290220/bsp.socket...
The server is listening for incoming connections at local:///tmp/bsp-launcher8860240994455290220/bsp.socket...
Starting thread that pumps stdin and redirects it to the bsp server...
Starting thread that pumps server stdout and redirects it to the client stdout...
[0m2021.08.22 22:55:34 INFO  tracing is disabled for protocol BSP, to enable tracing of incoming and outgoing JSON messages create an empty file at /home/cisen/.cache/metals/bsp.trace.json[0m
No more data in the client stdin, exiting...
[0m2021.08.22 22:55:54 ERROR Timeout waiting for 'build/initialize' response[0m
[0m2021.08.22 22:55:54 WARN  Retrying connection to the build server Bloop[0m
Starting the bsp launcher for bloop...
Opening a bsp server connection with 'bsp --protocol local --socket /tmp/bsp-launcher6966859609257916170/bsp.socket'...
Waiting for the bsp connection to come up...
[0m[32m[D][0m Loading workspace settings from bloop.settings.json
[0m[32m[D][0m Waiting for a connection at local:///tmp/bsp-launcher6966859609257916170/bsp.socket...
The server is listening for incoming connections at local:///tmp/bsp-launcher6966859609257916170/bsp.socket...
Starting thread that pumps stdin and redirects it to the bsp server...
Starting thread that pumps server stdout and redirects it to the client stdout...
[0m2021.08.22 22:55:54 INFO  tracing is disabled for protocol BSP, to enable tracing of incoming and outgoing JSON messages create an empty file at /home/cisen/.cache/metals/bsp.trace.json[0m
No more data in the client stdin, exiting...
[0m2021.08.22 22:56:14 ERROR Timeout waiting for 'build/initialize' response[0m
[0m2021.08.22 22:56:14 WARN  Retrying connection to the build server Bloop[0m
Starting the bsp launcher for bloop...
Opening a bsp server connection with 'bsp --protocol local --socket /tmp/bsp-launcher18029795593698341464/bsp.socket'...
Waiting for the bsp connection to come up...
[0m[32m[D][0m Loading workspace settings from bloop.settings.json
[0m[32m[D][0m Waiting for a connection at local:///tmp/bsp-launcher18029795593698341464/bsp.socket...
The server is listening for incoming connections at local:///tmp/bsp-launcher18029795593698341464/bsp.socket...
Starting thread that pumps stdin and redirects it to the bsp server...
Starting thread that pumps server stdout and redirects it to the client stdout...
[0m2021.08.22 22:56:14 INFO  tracing is disabled for protocol BSP, to enable tracing of incoming and outgoing JSON messages create an empty file at /home/cisen/.cache/metals/bsp.trace.json[0m
No more data in the client stdin, exiting...
[0m2021.08.22 22:56:34 ERROR Timeout waiting for 'build/initialize' response[0m
[0m2021.08.22 22:56:34 ERROR Failed to connect with build server, no functionality will work.
java.util.concurrent.TimeoutException
	at java.util.concurrent.CompletableFuture.timedGet(CompletableFuture.java:1886)
	at java.util.concurrent.CompletableFuture.get(CompletableFuture.java:2021)
	at scala.meta.internal.metals.BuildServerConnection$.initialize(BuildServerConnection.scala:371)
	at scala.meta.internal.metals.BuildServerConnection$.$anonfun$fromSockets$1(BuildServerConnection.scala:283)
	at scala.util.Success.$anonfun$map$1(Try.scala:255)
	at scala.util.Success.map(Try.scala:213)
	at scala.concurrent.Future.$anonfun$map$1(Future.scala:292)
	at scala.concurrent.impl.Promise.liftedTree1$1(Promise.scala:33)
	at scala.concurrent.impl.Promise.$anonfun$transform$1(Promise.scala:33)
	at scala.concurrent.impl.CallbackRunnable.run(Promise.scala:64)
	at java.util.concurrent.ThreadPoolExecutor.runWorker(ThreadPoolExecutor.java:1128)
	at java.util.concurrent.ThreadPoolExecutor$Worker.run(ThreadPoolExecutor.java:628)
	at java.lang.Thread.run(Thread.java:829)
[0m
[0m2021.08.22 23:00:08 WARN  no build target for: /home/cisen/chisel/template/chisel-tutorial/src/test/scala/hello/HelloTest.scala[0m
[0m2021.08.22 23:00:08 WARN  no build target for: /home/cisen/chisel/template/chisel-tutorial/src/test/scala/hello/HelloTest.scala[0m
[0m2021.08.22 23:00:08 WARN  no build target for: /home/cisen/chisel/template/chisel-tutorial/src/test/scala/hello/HelloTest.scala[0m
[0m2021.08.22 23:02:26 WARN  no build target for: /home/cisen/chisel/template/chisel-tutorial/src/test/scala/hello/HelloTest.scala[0m
Aug 22, 2021 11:05:10 PM org.eclipse.lsp4j.jsonrpc.RemoteEndpoint handleCancellation
WARNING: Unmatched cancel notification for request id 810
Aug 22, 2021 11:05:10 PM org.eclipse.lsp4j.jsonrpc.services.GenericEndpoint notify
INFO: Unsupported notification method: $/setTrace
[0m2021.08.22 23:05:21 WARN  no build target for: /home/cisen/chisel/template/chisel-tutorial/project/project/metals.sbt[0m
Aug 22, 2021 11:05:27 PM org.eclipse.lsp4j.jsonrpc.RemoteEndpoint handleCancellation
WARNING: Unmatched cancel notification for request id 813
Aug 22, 2021 11:05:27 PM org.eclipse.lsp4j.jsonrpc.RemoteEndpoint handleCancellation
WARNING: Unmatched cancel notification for request id 816
Aug 22, 2021 11:05:27 PM org.eclipse.lsp4j.jsonrpc.RemoteEndpoint handleCancellation
WARNING: Unmatched cancel notification for request id 814
[0m2021.08.22 23:05:27 WARN  no build target for: /home/cisen/chisel/template/chisel-tutorial/project/metals.sbt[0m
